1584089284741	mozrunner::runner	INFO	Running command: "/Applications/Firefox.app/Contents/MacOS/firefox-bin" "-marionette" "-foreground" "-no-remote" "-profile" "/var/folders/vb/n66phsfs00n2t85h_srj9y6xdfmrtt/T/rust_mozprofileZmn20K"
1584089285340	addons.webextension.screenshots@mozilla.org	WARN	Loading extension 'screenshots@mozilla.org': Reading manifest: Invalid extension permission: mozillaAddons
1584089285341	addons.webextension.screenshots@mozilla.org	WARN	Loading extension 'screenshots@mozilla.org': Reading manifest: Invalid extension permission: telemetry
1584089285341	addons.webextension.screenshots@mozilla.org	WARN	Loading extension 'screenshots@mozilla.org': Reading manifest: Invalid extension permission: resource://pdf.js/
1584089285341	addons.webextension.screenshots@mozilla.org	WARN	Loading extension 'screenshots@mozilla.org': Reading manifest: Invalid extension permission: about:reader*
1584089287181	Marionette	INFO	Listening on port 51042
1584089287225	Marionette	WARN	TLS certificate errors will be ignored for this session
JavaScript warning: https://www.fidelity.com/bin-public/060_www_fidelity_com/js/nav-07.18.min.js, line 2: Using //@ to indicate sourceMappingURL pragmas is deprecated. Use //# instead
JavaScript warning: https://www.fidelity.com/rct/2.0.0/rct-ui/rct-ui.js, line 16: unreachable code after return statement
1584089314163	Marionette	INFO	Stopped listening on port 51042
1588386990766	mozrunner::runner	INFO	Running command: "/Applications/Firefox.app/Contents/MacOS/firefox-bin" "-marionette" "-foreground" "-no-remote" "-profile" "/var/folders/6f/4mrkf_0s09nc4fb0st33nnp80000gn/T/rust_mozprofileD6WG4O"
1588386991268	addons.webextension.doh-rollout@mozilla.org	WARN	Loading extension 'doh-rollout@mozilla.org': Reading manifest: Invalid extension permission: networkStatus
1588386991604	addons.webextension.screenshots@mozilla.org	WARN	Loading extension 'screenshots@mozilla.org': Reading manifest: Invalid extension permission: mozillaAddons
1588386991604	addons.webextension.screenshots@mozilla.org	WARN	Loading extension 'screenshots@mozilla.org': Reading manifest: Invalid extension permission: telemetry
1588386991604	addons.webextension.screenshots@mozilla.org	WARN	Loading extension 'screenshots@mozilla.org': Reading manifest: Invalid extension permission: resource://pdf.js/
1588386991604	addons.webextension.screenshots@mozilla.org	WARN	Loading extension 'screenshots@mozilla.org': Reading manifest: Invalid extension permission: about:reader*
1588386993337	Marionette	INFO	Listening on port 53288
1588386993384	Marionette	WARN	TLS certificate errors will be ignored for this session
JavaScript warning: https://www.fidelity.com/bin-public/060_www_fidelity_com/js/nav-07.18.min.js, line 2: Using //@ to indicate sourceMappingURL pragmas is deprecated. Use //# instead
JavaScript warning: https://www.fidelity.com/rct/2.0.0/rct-ui/rct-ui.js, line 16: unreachable code after return statement
1588387136273	mozrunner::runner	INFO	Running command: "/Applications/Firefox.app/Contents/MacOS/firefox-bin" "-marionette" "-foreground" "-no-remote" "-profile" "/var/folders/6f/4mrkf_0s09nc4fb0st33nnp80000gn/T/rust_mozprofile7zAl03"
1588387136744	addons.webextension.doh-rollout@mozilla.org	WARN	Loading extension 'doh-rollout@mozilla.org': Reading manifest: Invalid extension permission: networkStatus
1588387137079	addons.webextension.screenshots@mozilla.org	WARN	Loading extension 'screenshots@mozilla.org': Reading manifest: Invalid extension permission: mozillaAddons
1588387137079	addons.webextension.screenshots@mozilla.org	WARN	Loading extension 'screenshots@mozilla.org': Reading manifest: Invalid extension permission: telemetry
1588387137079	addons.webextension.screenshots@mozilla.org	WARN	Loading extension 'screenshots@mozilla.org': Reading manifest: Invalid extension permission: resource://pdf.js/
1588387137079	addons.webextension.screenshots@mozilla.org	WARN	Loading extension 'screenshots@mozilla.org': Reading manifest: Invalid extension permission: about:reader*
1588387138845	Marionette	INFO	Listening on port 53415
1588387138935	Marionette	WARN	TLS certificate errors will be ignored for this session
JavaScript warning: https://www.fidelity.com/bin-public/060_www_fidelity_com/js/nav-07.18.min.js, line 2: Using //@ to indicate sourceMappingURL pragmas is deprecated. Use //# instead
JavaScript warning: https://www.fidelity.com/rct/2.0.0/rct-ui/rct-ui.js, line 16: unreachable code after return statement
1588387140324	Marionette	INFO	Stopped listening on port 53288
1588387260722	mozrunner::runner	INFO	Running command: "/Applications/Firefox.app/Contents/MacOS/firefox-bin" "-marionette" "-foreground" "-no-remote" "-profile" "/var/folders/6f/4mrkf_0s09nc4fb0st33nnp80000gn/T/rust_mozprofilebCpGQL"
1588387261105	addons.webextension.doh-rollout@mozilla.org	WARN	Loading extension 'doh-rollout@mozilla.org': Reading manifest: Invalid extension permission: networkStatus
1588387261463	addons.webextension.screenshots@mozilla.org	WARN	Loading extension 'screenshots@mozilla.org': Reading manifest: Invalid extension permission: mozillaAddons
1588387261463	addons.webextension.screenshots@mozilla.org	WARN	Loading extension 'screenshots@mozilla.org': Reading manifest: Invalid extension permission: telemetry
1588387261463	addons.webextension.screenshots@mozilla.org	WARN	Loading extension 'screenshots@mozilla.org': Reading manifest: Invalid extension permission: resource://pdf.js/
1588387261463	addons.webextension.screenshots@mozilla.org	WARN	Loading extension 'screenshots@mozilla.org': Reading manifest: Invalid extension permission: about:reader*
1588387263159	Marionette	INFO	Stopped listening on port 53415
1588387263249	Marionette	INFO	Listening on port 53533
1588387263290	Marionette	WARN	TLS certificate errors will be ignored for this session
JavaScript warning: https://www.fidelity.com/bin-public/060_www_fidelity_com/js/nav-07.18.min.js, line 2: Using //@ to indicate sourceMappingURL pragmas is deprecated. Use //# instead
JavaScript warning: https://www.fidelity.com/rct/2.0.0/rct-ui/rct-ui.js, line 16: unreachable code after return statement
1588387332454	Marionette	INFO	Stopped listening on port 53533
